This is LuaHBTeX, Version 1.21.0 (TeX Live 2025) 
 restricted system commands enabled.
(./draft.tex
LaTeX2e <2024-11-01> patch level 2
L3 programming layer <2025-01-18>
 (/usr/local/texlive/2025basic/texmf-dist/tex/luatex/luatexja/ltjsarticle.cls
Document Class: ltjsarticle 2025-05-26 ltjsclasses 
(/usr/local/texlive/2025basic/texmf-dist/tex/luatex/luatexja/luatexja.sty
(/usr/local/texlive/2025basic/texmf-dist/tex/luatex/luatexja/luatexja-core.sty
(/usr/local/texlive/2025basic/texmf-dist/tex/generic/infwarerr/infwarerr.sty)
(/usr/local/texlive/2025basic/texmf-dist/tex/luatex/luatexbase/luatexbase.sty
(/usr/local/texlive/2025basic/texmf-dist/tex/luatex/ctablestack/ctablestack.sty
)) (/usr/local/texlive/2025basic/texmf-dist/tex/generic/ltxcmds/ltxcmds.sty)
(/usr/local/texlive/2025basic/texmf-dist/tex/generic/pdftexcmds/pdftexcmds.sty
(/usr/local/texlive/2025basic/texmf-dist/tex/generic/iftex/iftex.sty))
(/usr/local/texlive/2025basic/texmf-dist/tex/latex/xkeyval/xkeyval.sty
(/usr/local/texlive/2025basic/texmf-dist/tex/generic/xkeyval/xkeyval.tex
(/usr/local/texlive/2025basic/texmf-dist/tex/generic/xkeyval/xkvutils.tex
(/usr/local/texlive/2025basic/texmf-dist/tex/generic/xkeyval/keyval.tex))))
(/usr/local/texlive/2025basic/texmf-dist/tex/latex/etoolbox/etoolbox.sty)
(/usr/local/texlive/2025basic/texmf-dist/tex/latex/everyhook/everyhook.sty
(/usr/local/texlive/2025basic/texmf-dist/tex/latex/svn-prov/svn-prov.sty))
(/usr/local/texlive/2025basic/texmf-dist/tex/luatex/luatexja/ltj-base.sty)
(/usr/local/texlive/2025basic/texmf-dist/tex/luatex/luatexja/ltj-latex.sty
(/usr/local/texlive/2025basic/texmf-dist/tex/luatex/luatexja/patches/lltjfont.s
ty (/usr/local/texlive/2025basic/texmf-dist/tex/latex/base/tuenc.def))
(/usr/local/texlive/2025basic/texmf-dist/tex/luatex/luatexja/patches/lltjdefs.s
ty
(/usr/local/texlive/2025basic/texmf-dist/tex/luatex/luatexja/jfm-ujisv.lua)
(/usr/local/texlive/2025basic/texmf-dist/tex/luatex/luatexja/jfm-ujis.lua))
(/usr/local/texlive/2025basic/texmf-dist/tex/luatex/luatexja/patches/lltjcore-2
41201.sty (/usr/local/texlive/2025basic/texmf-dist/tex/latex/l3kernel/expl3.sty

(/usr/local/texlive/2025basic/texmf-dist/tex/latex/l3backend/l3backend-luatex.d
ef)))
(/usr/local/texlive/2025basic/texmf-dist/tex/luatex/luatexja/patches/lltjp-atbe
gshi.sty)
(/usr/local/texlive/2025basic/texmf-dist/tex/luatex/luatexja/patches/lltjp-geom
etry.sty
(/usr/local/texlive/2025basic/texmf-dist/tex/generic/iftex/ifluatex.sty))))
(/usr/local/texlive/2025basic/texmf-dist/tex/luatex/luatexja/luatexja-compat.st
y)) (/usr/local/texlive/2025basic/texmf-dist/tex/platex/jsclasses/jslogo.sty))
(/usr/local/texlive/2025basic/texmf-dist/tex/luatex/luatexja/addons/luatexja-fo
ntspec.sty
(/usr/local/texlive/2025basic/texmf-dist/tex/latex/l3packages/l3keys2e/l3keys2e
.sty) (/usr/local/texlive/2025basic/texmf-dist/tex/latex/fontspec/fontspec.sty
(/usr/local/texlive/2025basic/texmf-dist/tex/latex/l3packages/xparse/xparse.sty
)
(/usr/local/texlive/2025basic/texmf-dist/tex/latex/fontspec/fontspec-luatex.sty
(/usr/local/texlive/2025basic/texmf-dist/tex/latex/base/fontenc.sty)
(/usr/local/texlive/2025basic/texmf-dist/tex/latex/fontspec/fontspec.cfg)))
(/usr/local/texlive/2025basic/texmf-dist/tex/luatex/luatexja/patches/lltjp-font
spec.sty)
(/usr/local/texlive/2025basic/texmf-dist/tex/luatex/luatexja/addons/luatexja-fo
ntspec-29e.sty))
(/usr/local/texlive/2025basic/texmf-dist/tex/latex/amsmath/amsmath.sty
For additional information on amsmath, use the `?' option.
(/usr/local/texlive/2025basic/texmf-dist/tex/latex/amsmath/amstext.sty
(/usr/local/texlive/2025basic/texmf-dist/tex/latex/amsmath/amsgen.sty))
(/usr/local/texlive/2025basic/texmf-dist/tex/latex/amsmath/amsbsy.sty)
(/usr/local/texlive/2025basic/texmf-dist/tex/latex/amsmath/amsopn.sty))
(/usr/local/texlive/2025basic/texmf-dist/tex/latex/amsfonts/amssymb.sty
(/usr/local/texlive/2025basic/texmf-dist/tex/latex/amsfonts/amsfonts.sty))
(/usr/local/texlive/2025basic/texmf-dist/tex/latex/graphics/graphicx.sty
(/usr/local/texlive/2025basic/texmf-dist/tex/latex/graphics/graphics.sty
(/usr/local/texlive/2025basic/texmf-dist/tex/latex/graphics/trig.sty)
(/usr/local/texlive/2025basic/texmf-dist/tex/latex/graphics-cfg/graphics.cfg)
(/usr/local/texlive/2025basic/texmf-dist/tex/latex/graphics-def/luatex.def)))
(/usr/local/texlive/2025basic/texmf-dist/tex/latex/url/url.sty)
(/usr/local/texlive/2025basic/texmf-dist/tex/latex/tools/longtable.sty)
(/usr/local/texlive/2025basic/texmf-dist/tex/latex/booktabs/booktabs.sty)
(/usr/local/texlive/2025basic/texmf-dist/tex/latex/tools/array.sty)
(/usr/local/texlive/2025basic/texmf-dist/tex/latex/geometry/geometry.sty
(/usr/local/texlive/2025basic/texmf-dist/tex/generic/iftex/ifvtex.sty))
(/usr/local/texlive/2025basic/texmf-dist/tex/luatex/luatexja/patches/lltjp-arra
y.sty) (./draft.aux)
(/usr/local/texlive/2025basic/texmf-dist/tex/context/base/mkii/supp-pdf.mkii
[Loading MPS to PDF converter (version 2006.09.02).]
)
(/usr/local/texlive/2025basic/texmf-dist/tex/latex/epstopdf-pkg/epstopdf-base.s
ty
(/usr/local/texlive/2025basic/texmf-dist/tex/latex/latexconfig/epstopdf-sys.cfg
))
*geometry* driver: auto-detecting
*geometry* detected driver: luatex

! Package array Error:  Illegal pream-token (\toprule): `c' used.

See the array package documentation for explanation.
Type  H <return>  for immediate help.
 ...                                              
                                                  
l.156 }
       
 39875 words of node memory still in use:
   105 hlist, 3 vlist, 188 rule, 7 disc, 20 local_par, 1 dir, 494 glue, 7 kern,
 142 penalty, 404 glyph, 13446 attribute, 60 glue_spec, 1292 attribute_list, 18
 if_stack, 11 write, 1 special, 87 user_defined nodes
   avail lists: 1:15,2:12,3:1,4:2,5:16,7:3,8:2,10:4,11:4
!  ==> Fatal error occurred, no output PDF file produced!
Transcript written on draft.log.
